0 verbose cli C:\Program Files\nodejs\node.exe C:\Users\riza.aycelebi\AppData\Roaming\npm\node_modules\npm\bin\npm-cli.js
1 info using npm@11.16.0
2 info using node@v24.15.0
3 silly config load:file:C:\Users\riza.aycelebi\AppData\Roaming\npm\node_modules\npm\npmrc
4 silly config load:file:C:\Users\riza.aycelebi\Desktop\tracker\av_takip-main\website\.npmrc
5 silly config load:file:C:\Users\riza.aycelebi\.npmrc
6 silly config load:file:C:\Users\riza.aycelebi\AppData\Roaming\npm\etc\npmrc
7 verbose title npm install
8 verbose argv "install" "--cache" ".\\.npm-cache"
9 verbose logfile logs-max:10 dir:C:\Users\riza.aycelebi\Desktop\tracker\av_takip-main\website\.npm-cache\_logs\2026-06-19T05_33_22_297Z-
10 verbose logfile C:\Users\riza.aycelebi\Desktop\tracker\av_takip-main\website\.npm-cache\_logs\2026-06-19T05_33_22_297Z-debug-0.log
11 silly logfile done cleaning log files
12 silly packumentCache heap:4496293888 maxSize:1124073472 maxEntrySize:562036736
13 silly idealTree buildDeps
14 silly reify mark retired [
14 silly reify   'C:\\Users\\riza.aycelebi\\Desktop\\tracker\\av_takip-main\\website\\node_modules\\next'
14 silly reify ]
15 silly reify mark retired [
15 silly reify   'C:\\Users\\riza.aycelebi\\Desktop\\tracker\\av_takip-main\\website\\node_modules\\acorn',
15 silly reify   'C:\\Users\\riza.aycelebi\\Desktop\\tracker\\av_takip-main\\website\\node_modules\\.bin\\acorn',
15 silly reify   'C:\\Users\\riza.aycelebi\\Desktop\\tracker\\av_takip-main\\website\\node_modules\\.bin\\acorn.cmd',
15 silly reify   'C:\\Users\\riza.aycelebi\\Desktop\\tracker\\av_takip-main\\website\\node_modules\\.bin\\acorn.ps1'
15 silly reify ]
16 silly reify mark retired [
16 silly reify   'C:\\Users\\riza.aycelebi\\Desktop\\tracker\\av_takip-main\\website\\node_modules\\baseline-browser-mapping',
16 silly reify   'C:\\Users\\riza.aycelebi\\Desktop\\tracker\\av_takip-main\\website\\node_modules\\.bin\\baseline-browser-mapping',
16 silly reify   'C:\\Users\\riza.aycelebi\\Desktop\\tracker\\av_takip-main\\website\\node_modules\\.bin\\baseline-browser-mapping.cmd',
16 silly reify   'C:\\Users\\riza.aycelebi\\Desktop\\tracker\\av_takip-main\\website\\node_modules\\.bin\\baseline-browser-mapping.ps1'
16 silly reify ]
17 silly reify mark retired [
17 silly reify   'C:\\Users\\riza.aycelebi\\Desktop\\tracker\\av_takip-main\\website\\node_modules\\browserslist',
17 silly reify   'C:\\Users\\riza.aycelebi\\Desktop\\tracker\\av_takip-main\\website\\node_modules\\.bin\\browserslist',
17 silly reify   'C:\\Users\\riza.aycelebi\\Desktop\\tracker\\av_takip-main\\website\\node_modules\\.bin\\browserslist.cmd',
17 silly reify   'C:\\Users\\riza.aycelebi\\Desktop\\tracker\\av_takip-main\\website\\node_modules\\.bin\\browserslist.ps1'
17 silly reify ]
18 silly reify mark retired [
18 silly reify   'C:\\Users\\riza.aycelebi\\Desktop\\tracker\\av_takip-main\\website\\node_modules\\cssesc',
18 silly reify   'C:\\Users\\riza.aycelebi\\Desktop\\tracker\\av_takip-main\\website\\node_modules\\.bin\\cssesc',
18 silly reify   'C:\\Users\\riza.aycelebi\\Desktop\\tracker\\av_takip-main\\website\\node_modules\\.bin\\cssesc.cmd',
18 silly reify   'C:\\Users\\riza.aycelebi\\Desktop\\tracker\\av_takip-main\\website\\node_modules\\.bin\\cssesc.ps1'
18 silly reify ]
19 silly reify mark retired [
19 silly reify   'C:\\Users\\riza.aycelebi\\Desktop\\tracker\\av_takip-main\\website\\node_modules\\eslint',
19 silly reify   'C:\\Users\\riza.aycelebi\\Desktop\\tracker\\av_takip-main\\website\\node_modules\\.bin\\eslint',
19 silly reify   'C:\\Users\\riza.aycelebi\\Desktop\\tracker\\av_takip-main\\website\\node_modules\\.bin\\eslint.cmd',
19 silly reify   'C:\\Users\\riza.aycelebi\\Desktop\\tracker\\av_takip-main\\website\\node_modules\\.bin\\eslint.ps1'
19 silly reify ]
20 silly reify mark retired [
20 silly reify   'C:\\Users\\riza.aycelebi\\Desktop\\tracker\\av_takip-main\\website\\node_modules\\is-bun-module\\node_modules\\semver',
20 silly reify   'C:\\Users\\riza.aycelebi\\Desktop\\tracker\\av_takip-main\\website\\node_modules\\is-bun-module\\node_modules\\.bin\\semver',
20 silly reify   'C:\\Users\\riza.aycelebi\\Desktop\\tracker\\av_takip-main\\website\\node_modules\\is-bun-module\\node_modules\\.bin\\semver.cmd',
20 silly reify   'C:\\Users\\riza.aycelebi\\Desktop\\tracker\\av_takip-main\\website\\node_modules\\is-bun-module\\node_modules\\.bin\\semver.ps1'
20 silly reify ]
21 silly reify mark retired [
21 silly reify   'C:\\Users\\riza.aycelebi\\Desktop\\tracker\\av_takip-main\\website\\node_modules\\jiti',
21 silly reify   'C:\\Users\\riza.aycelebi\\Desktop\\tracker\\av_takip-main\\website\\node_modules\\.bin\\jiti',
21 silly reify   'C:\\Users\\riza.aycelebi\\Desktop\\tracker\\av_takip-main\\website\\node_modules\\.bin\\jiti.cmd',
21 silly reify   'C:\\Users\\riza.aycelebi\\Desktop\\tracker\\av_takip-main\\website\\node_modules\\.bin\\jiti.ps1'
21 silly reify ]
22 silly reify mark retired [
22 silly reify   'C:\\Users\\riza.aycelebi\\Desktop\\tracker\\av_takip-main\\website\\node_modules\\jsesc',
22 silly reify   'C:\\Users\\riza.aycelebi\\Desktop\\tracker\\av_takip-main\\website\\node_modules\\.bin\\jsesc',
22 silly reify   'C:\\Users\\riza.aycelebi\\Desktop\\tracker\\av_takip-main\\website\\node_modules\\.bin\\jsesc.cmd',
22 silly reify   'C:\\Users\\riza.aycelebi\\Desktop\\tracker\\av_takip-main\\website\\node_modules\\.bin\\jsesc.ps1'
22 silly reify ]
23 silly reify mark retired [
23 silly reify   'C:\\Users\\riza.aycelebi\\Desktop\\tracker\\av_takip-main\\website\\node_modules\\js-yaml',
23 silly reify   'C:\\Users\\riza.aycelebi\\Desktop\\tracker\\av_takip-main\\website\\node_modules\\.bin\\js-yaml',
23 silly reify   'C:\\Users\\riza.aycelebi\\Desktop\\tracker\\av_takip-main\\website\\node_modules\\.bin\\js-yaml.cmd',
23 silly reify   'C:\\Users\\riza.aycelebi\\Desktop\\tracker\\av_takip-main\\website\\node_modules\\.bin\\js-yaml.ps1'
23 silly reify ]
24 silly reify mark retired [
24 silly reify   'C:\\Users\\riza.aycelebi\\Desktop\\tracker\\av_takip-main\\website\\node_modules\\json5',
24 silly reify   'C:\\Users\\riza.aycelebi\\Desktop\\tracker\\av_takip-main\\website\\node_modules\\.bin\\json5',
24 silly reify   'C:\\Users\\riza.aycelebi\\Desktop\\tracker\\av_takip-main\\website\\node_modules\\.bin\\json5.cmd',
24 silly reify   'C:\\Users\\riza.aycelebi\\Desktop\\tracker\\av_takip-main\\website\\node_modules\\.bin\\json5.ps1'
24 silly reify ]
25 silly reify mark retired [
25 silly reify   'C:\\Users\\riza.aycelebi\\Desktop\\tracker\\av_takip-main\\website\\node_modules\\loose-envify',
25 silly reify   'C:\\Users\\riza.aycelebi\\Desktop\\tracker\\av_takip-main\\website\\node_modules\\.bin\\loose-envify',
25 silly reify   'C:\\Users\\riza.aycelebi\\Desktop\\tracker\\av_takip-main\\website\\node_modules\\.bin\\loose-envify.cmd',
25 silly reify   'C:\\Users\\riza.aycelebi\\Desktop\\tracker\\av_takip-main\\website\\node_modules\\.bin\\loose-envify.ps1'
25 silly reify ]
26 silly reify mark retired [
26 silly reify   'C:\\Users\\riza.aycelebi\\Desktop\\tracker\\av_takip-main\\website\\node_modules\\napi-postinstall',
26 silly reify   'C:\\Users\\riza.aycelebi\\Desktop\\tracker\\av_takip-main\\website\\node_modules\\.bin\\napi-postinstall',
26 silly reify   'C:\\Users\\riza.aycelebi\\Desktop\\tracker\\av_takip-main\\website\\node_modules\\.bin\\napi-postinstall.cmd',
26 silly reify   'C:\\Users\\riza.aycelebi\\Desktop\\tracker\\av_takip-main\\website\\node_modules\\.bin\\napi-postinstall.ps1'
26 silly reify ]
27 silly reify mark retired [
27 silly reify   'C:\\Users\\riza.aycelebi\\Desktop\\tracker\\av_takip-main\\website\\node_modules\\nanoid',
27 silly reify   'C:\\Users\\riza.aycelebi\\Desktop\\tracker\\av_takip-main\\website\\node_modules\\.bin\\nanoid',
27 silly reify   'C:\\Users\\riza.aycelebi\\Desktop\\tracker\\av_takip-main\\website\\node_modules\\.bin\\nanoid.cmd',
27 silly reify   'C:\\Users\\riza.aycelebi\\Desktop\\tracker\\av_takip-main\\website\\node_modules\\.bin\\nanoid.ps1'
27 silly reify ]
28 silly reify mark retired [
28 silly reify   'C:\\Users\\riza.aycelebi\\Desktop\\tracker\\av_takip-main\\website\\node_modules\\resolve',
28 silly reify   'C:\\Users\\riza.aycelebi\\Desktop\\tracker\\av_takip-main\\website\\node_modules\\.bin\\resolve',
28 silly reify   'C:\\Users\\riza.aycelebi\\Desktop\\tracker\\av_takip-main\\website\\node_modules\\.bin\\resolve.cmd',
28 silly reify   'C:\\Users\\riza.aycelebi\\Desktop\\tracker\\av_takip-main\\website\\node_modules\\.bin\\resolve.ps1'
28 silly reify ]
29 silly reify mark retired [
29 silly reify   'C:\\Users\\riza.aycelebi\\Desktop\\tracker\\av_takip-main\\website\\node_modules\\sharp\\node_modules\\semver',
29 silly reify   'C:\\Users\\riza.aycelebi\\Desktop\\tracker\\av_takip-main\\website\\node_modules\\sharp\\node_modules\\.bin\\semver',
29 silly reify   'C:\\Users\\riza.aycelebi\\Desktop\\tracker\\av_takip-main\\website\\node_modules\\sharp\\node_modules\\.bin\\semver.cmd',
29 silly reify   'C:\\Users\\riza.aycelebi\\Desktop\\tracker\\av_takip-main\\website\\node_modules\\sharp\\node_modules\\.bin\\semver.ps1'
29 silly reify ]
30 silly reify mark retired [
30 silly reify   'C:\\Users\\riza.aycelebi\\Desktop\\tracker\\av_takip-main\\website\\node_modules\\semver',
30 silly reify   'C:\\Users\\riza.aycelebi\\Desktop\\tracker\\av_takip-main\\website\\node_modules\\.bin\\semver',
30 silly reify   'C:\\Users\\riza.aycelebi\\Desktop\\tracker\\av_takip-main\\website\\node_modules\\.bin\\semver.cmd',
30 silly reify   'C:\\Users\\riza.aycelebi\\Desktop\\tracker\\av_takip-main\\website\\node_modules\\.bin\\semver.ps1'
30 silly reify ]
31 silly reify mark retired [
31 silly reify   'C:\\Users\\riza.aycelebi\\Desktop\\tracker\\av_takip-main\\website\\node_modules\\tsconfig-paths\\node_modules\\json5',
31 silly reify   'C:\\Users\\riza.aycelebi\\Desktop\\tracker\\av_takip-main\\website\\node_modules\\tsconfig-paths\\node_modules\\.bin\\json5',
31 silly reify   'C:\\Users\\riza.aycelebi\\Desktop\\tracker\\av_takip-main\\website\\node_modules\\tsconfig-paths\\node_modules\\.bin\\json5.cmd',
31 silly reify   'C:\\Users\\riza.aycelebi\\Desktop\\tracker\\av_takip-main\\website\\node_modules\\tsconfig-paths\\node_modules\\.bin\\json5.ps1'
31 silly reify ]
32 silly reify mark retired [
32 silly reify   'C:\\Users\\riza.aycelebi\\Desktop\\tracker\\av_takip-main\\website\\node_modules\\typescript',
32 silly reify   'C:\\Users\\riza.aycelebi\\Desktop\\tracker\\av_takip-main\\website\\node_modules\\.bin\\tsc',
32 silly reify   'C:\\Users\\riza.aycelebi\\Desktop\\tracker\\av_takip-main\\website\\node_modules\\.bin\\tsc.cmd',
32 silly reify   'C:\\Users\\riza.aycelebi\\Desktop\\tracker\\av_takip-main\\website\\node_modules\\.bin\\tsc.ps1',
32 silly reify   'C:\\Users\\riza.aycelebi\\Desktop\\tracker\\av_takip-main\\website\\node_modules\\.bin\\tsserver',
32 silly reify   'C:\\Users\\riza.aycelebi\\Desktop\\tracker\\av_takip-main\\website\\node_modules\\.bin\\tsserver.cmd',
32 silly reify   'C:\\Users\\riza.aycelebi\\Desktop\\tracker\\av_takip-main\\website\\node_modules\\.bin\\tsserver.ps1'
32 silly reify ]
33 silly reify mark retired [
33 silly reify   'C:\\Users\\riza.aycelebi\\Desktop\\tracker\\av_takip-main\\website\\node_modules\\update-browserslist-db',
33 silly reify   'C:\\Users\\riza.aycelebi\\Desktop\\tracker\\av_takip-main\\website\\node_modules\\.bin\\update-browserslist-db',
33 silly reify   'C:\\Users\\riza.aycelebi\\Desktop\\tracker\\av_takip-main\\website\\node_modules\\.bin\\update-browserslist-db.cmd',
33 silly reify   'C:\\Users\\riza.aycelebi\\Desktop\\tracker\\av_takip-main\\website\\node_modules\\.bin\\update-browserslist-db.ps1'
33 silly reify ]
34 silly reify mark retired [
34 silly reify   'C:\\Users\\riza.aycelebi\\Desktop\\tracker\\av_takip-main\\website\\node_modules\\which',
34 silly reify   'C:\\Users\\riza.aycelebi\\Desktop\\tracker\\av_takip-main\\website\\node_modules\\.bin\\node-which',
34 silly reify   'C:\\Users\\riza.aycelebi\\Desktop\\tracker\\av_takip-main\\website\\node_modules\\.bin\\node-which.cmd',
34 silly reify   'C:\\Users\\riza.aycelebi\\Desktop\\tracker\\av_takip-main\\website\\node_modules\\.bin\\node-which.ps1'
34 silly reify ]
35 silly reify mark retired [
35 silly reify   'C:\\Users\\riza.aycelebi\\Desktop\\tracker\\av_takip-main\\website\\node_modules\\@babel\\parser',
35 silly reify   'C:\\Users\\riza.aycelebi\\Desktop\\tracker\\av_takip-main\\website\\node_modules\\.bin\\parser',
35 silly reify   'C:\\Users\\riza.aycelebi\\Desktop\\tracker\\av_takip-main\\website\\node_modules\\.bin\\parser.cmd',
35 silly reify   'C:\\Users\\riza.aycelebi\\Desktop\\tracker\\av_takip-main\\website\\node_modules\\.bin\\parser.ps1'
35 silly reify ]
36 silly reify mark retired [
36 silly reify   'C:\\Users\\riza.aycelebi\\Desktop\\tracker\\av_takip-main\\website\\node_modules\\@typescript-eslint\\typescript-estree\\node_modules\\semver',
36 silly reify   'C:\\Users\\riza.aycelebi\\Desktop\\tracker\\av_takip-main\\website\\node_modules\\@typescript-eslint\\typescript-estree\\node_modules\\.bin\\semver',
36 silly reify   'C:\\Users\\riza.aycelebi\\Desktop\\tracker\\av_takip-main\\website\\node_modules\\@typescript-eslint\\typescript-estree\\node_modules\\.bin\\semver.cmd',
36 silly reify   'C:\\Users\\riza.aycelebi\\Desktop\\tracker\\av_takip-main\\website\\node_modules\\@typescript-eslint\\typescript-estree\\node_modules\\.bin\\semver.ps1'
36 silly reify ]
37 silly reify moves {
37 silly reify   'C:\\Users\\riza.aycelebi\\Desktop\\tracker\\av_takip-main\\website\\node_modules\\next': 'C:\\Users\\riza.aycelebi\\Desktop\\tracker\\av_takip-main\\website\\node_modules\\.next-FIIhJWji',
37 silly reify   'C:\\Users\\riza.aycelebi\\Desktop\\tracker\\av_takip-main\\website\\node_modules\\acorn': 'C:\\Users\\riza.aycelebi\\Desktop\\tracker\\av_takip-main\\website\\node_modules\\.acorn-9l4XPAQq',
37 silly reify   'C:\\Users\\riza.aycelebi\\Desktop\\tracker\\av_takip-main\\website\\node_modules\\.bin\\acorn': 'C:\\Users\\riza.aycelebi\\Desktop\\tracker\\av_takip-main\\website\\node_modules\\.bin\\.acorn-atdTQJwu',
37 silly reify   'C:\\Users\\riza.aycelebi\\Desktop\\tracker\\av_takip-main\\website\\node_modules\\.bin\\acorn.cmd': 'C:\\Users\\riza.aycelebi\\Desktop\\tracker\\av_takip-main\\website\\node_modules\\.bin\\.acorn.cmd-PP7ZGPdz',
37 silly reify   'C:\\Users\\riza.aycelebi\\Desktop\\tracker\\av_takip-main\\website\\node_modules\\.bin\\acorn.ps1': 'C:\\Users\\riza.aycelebi\\Desktop\\tracker\\av_takip-main\\website\\node_modules\\.bin\\.acorn.ps1-4jbwhInM',
37 silly reify   'C:\\Users\\riza.aycelebi\\Desktop\\tracker\\av_takip-main\\website\\node_modules\\baseline-browser-mapping': 'C:\\Users\\riza.aycelebi\\Desktop\\tracker\\av_takip-main\\website\\node_modules\\.baseline-browser-mapping-QJXTe3eQ',
37 silly reify   'C:\\Users\\riza.aycelebi\\Desktop\\tracker\\av_takip-main\\website\\node_modules\\.bin\\baseline-browser-mapping': 'C:\\Users\\riza.aycelebi\\Desktop\\tracker\\av_takip-main\\website\\node_modules\\.bin\\.baseline-browser-mapping-uxX9K1U9',
37 silly reify   'C:\\Users\\riza.aycelebi\\Desktop\\tracker\\av_takip-main\\website\\node_modules\\.bin\\baseline-browser-mapping.cmd': 'C:\\Users\\riza.aycelebi\\Desktop\\tracker\\av_takip-main\\website\\node_modules\\.bin\\.baseline-browser-mapping.cmd-mYO6BOnH',
37 silly reify   'C:\\Users\\riza.aycelebi\\Desktop\\tracker\\av_takip-main\\website\\node_modules\\.bin\\baseline-browser-mapping.ps1': 'C:\\Users\\riza.aycelebi\\Desktop\\tracker\\av_takip-main\\website\\node_modules\\.bin\\.baseline-browser-mapping.ps1-xM4HGHew',
37 silly reify   'C:\\Users\\riza.aycelebi\\Desktop\\tracker\\av_takip-main\\website\\node_modules\\browserslist': 'C:\\Users\\riza.aycelebi\\Desktop\\tracker\\av_takip-main\\website\\node_modules\\.browserslist-F6SYvbl7',
37 silly reify   'C:\\Users\\riza.aycelebi\\Desktop\\tracker\\av_takip-main\\website\\node_modules\\.bin\\browserslist': 'C:\\Users\\riza.aycelebi\\Desktop\\tracker\\av_takip-main\\website\\node_modules\\.bin\\.browserslist-PSHpVvXf',
37 silly reify   'C:\\Users\\riza.aycelebi\\Desktop\\tracker\\av_takip-main\\website\\node_modules\\.bin\\browserslist.cmd': 'C:\\Users\\riza.aycelebi\\Desktop\\tracker\\av_takip-main\\website\\node_modules\\.bin\\.browserslist.cmd-UHo3hqie',
37 silly reify   'C:\\Users\\riza.aycelebi\\Desktop\\tracker\\av_takip-main\\website\\node_modules\\.bin\\browserslist.ps1': 'C:\\Users\\riza.aycelebi\\Desktop\\tracker\\av_takip-main\\website\\node_modules\\.bin\\.browserslist.ps1-6w7Wve4H',
37 silly reify   'C:\\Users\\riza.aycelebi\\Desktop\\tracker\\av_takip-main\\website\\node_modules\\cssesc': 'C:\\Users\\riza.aycelebi\\Desktop\\tracker\\av_takip-main\\website\\node_modules\\.cssesc-KdrsRc3Q',
37 silly reify   'C:\\Users\\riza.aycelebi\\Desktop\\tracker\\av_takip-main\\website\\node_modules\\.bin\\cssesc': 'C:\\Users\\riza.aycelebi\\Desktop\\tracker\\av_takip-main\\website\\node_modules\\.bin\\.cssesc-BzLO3x91',
37 silly reify   'C:\\Users\\riza.aycelebi\\Desktop\\tracker\\av_takip-main\\website\\node_modules\\.bin\\cssesc.cmd': 'C:\\Users\\riza.aycelebi\\Desktop\\tracker\\av_takip-main\\website\\node_modules\\.bin\\.cssesc.cmd-jhLVCfyQ',
37 silly reify   'C:\\Users\\riza.aycelebi\\Desktop\\tracker\\av_takip-main\\website\\node_modules\\.bin\\cssesc.ps1': 'C:\\Users\\riza.aycelebi\\Desktop\\tracker\\av_takip-main\\website\\node_modules\\.bin\\.cssesc.ps1-B9pdW0Ac',
37 silly reify   'C:\\Users\\riza.aycelebi\\Desktop\\tracker\\av_takip-main\\website\\node_modules\\eslint': 'C:\\Users\\riza.aycelebi\\Desktop\\tracker\\av_takip-main\\website\\node_modules\\.eslint-XvgRsbQV',
37 silly reify   'C:\\Users\\riza.aycelebi\\Desktop\\tracker\\av_takip-main\\website\\node_modules\\.bin\\eslint': 'C:\\Users\\riza.aycelebi\\Desktop\\tracker\\av_takip-main\\website\\node_modules\\.bin\\.eslint-ns1JA12n',
37 silly reify   'C:\\Users\\riza.aycelebi\\Desktop\\tracker\\av_takip-main\\website\\node_modules\\.bin\\eslint.cmd': 'C:\\Users\\riza.aycelebi\\Desktop\\tracker\\av_takip-main\\website\\node_modules\\.bin\\.eslint.cmd-iNnWqvZ8',
37 silly reify   'C:\\Users\\riza.aycelebi\\Desktop\\tracker\\av_takip-main\\website\\node_modules\\.bin\\eslint.ps1': 'C:\\Users\\riza.aycelebi\\Desktop\\tracker\\av_takip-main\\website\\node_modules\\.bin\\.eslint.ps1-RugzeeAt',
37 silly reify   'C:\\Users\\riza.aycelebi\\Desktop\\tracker\\av_takip-main\\website\\node_modules\\is-bun-module\\node_modules\\semver': 'C:\\Users\\riza.aycelebi\\Desktop\\tracker\\av_takip-main\\website\\node_modules\\is-bun-module\\node_modules\\.semver-MudSI68x',
37 silly reify   'C:\\Users\\riza.aycelebi\\Desktop\\tracker\\av_takip-main\\website\\node_modules\\is-bun-module\\node_modules\\.bin\\semver': 'C:\\Users\\riza.aycelebi\\Desktop\\tracker\\av_takip-main\\website\\node_modules\\is-bun-module\\node_modules\\.bin\\.semver-XpY4gQPG',
37 silly reify   'C:\\Users\\riza.aycelebi\\Desktop\\tracker\\av_takip-main\\website\\node_modules\\is-bun-module\\node_modules\\.bin\\semver.cmd': 'C:\\Users\\riza.aycelebi\\Desktop\\tracker\\av_takip-main\\website\\node_modules\\is-bun-module\\node_modules\\.bin\\.semver.cmd-V1iWwB0J',
37 silly reify   'C:\\Users\\riza.aycelebi\\Desktop\\tracker\\av_takip-main\\website\\node_modules\\is-bun-module\\node_modules\\.bin\\semver.ps1': 'C:\\Users\\riza.aycelebi\\Desktop\\tracker\\av_takip-main\\website\\node_modules\\is-bun-module\\node_modules\\.bin\\.semver.ps1-c7s4oHlK',
37 silly reify   'C:\\Users\\riza.aycelebi\\Desktop\\tracker\\av_takip-main\\website\\node_modules\\jiti': 'C:\\Users\\riza.aycelebi\\Desktop\\tracker\\av_takip-main\\website\\node_modules\\.jiti-HDsKItbf',
37 silly reify   'C:\\Users\\riza.aycelebi\\Desktop\\tracker\\av_takip-main\\website\\node_modules\\.bin\\jiti': 'C:\\Users\\riza.aycelebi\\Desktop\\tracker\\av_takip-main\\website\\node_modules\\.bin\\.jiti-qEaMrYWC',
37 silly reify   'C:\\Users\\riza.aycelebi\\Desktop\\tracker\\av_takip-main\\website\\node_modules\\.bin\\jiti.cmd': 'C:\\Users\\riza.aycelebi\\Desktop\\tracker\\av_takip-main\\website\\node_modules\\.bin\\.jiti.cmd-L3DQ1WMz',
37 silly reify   'C:\\Users\\riza.aycelebi\\Desktop\\tracker\\av_takip-main\\website\\node_modules\\.bin\\jiti.ps1': 'C:\\Users\\riza.aycelebi\\Desktop\\tracker\\av_takip-main\\website\\node_modules\\.bin\\.jiti.ps1-hIc07CSP',
37 silly reify   'C:\\Users\\riza.aycelebi\\Desktop\\tracker\\av_takip-main\\website\\node_modules\\jsesc': 'C:\\Users\\riza.aycelebi\\Desktop\\tracker\\av_takip-main\\website\\node_modules\\.jsesc-QD1lvaod',
37 silly reify   'C:\\Users\\riza.aycelebi\\Desktop\\tracker\\av_takip-main\\website\\node_modules\\.bin\\jsesc': 'C:\\Users\\riza.aycelebi\\Desktop\\tracker\\av_takip-main\\website\\node_modules\\.bin\\.jsesc-6zGqFIm1',
37 silly reify   'C:\\Users\\riza.aycelebi\\Desktop\\tracker\\av_takip-main\\website\\node_modules\\.bin\\jsesc.cmd': 'C:\\Users\\riza.aycelebi\\Desktop\\tracker\\av_takip-main\\website\\node_modules\\.bin\\.jsesc.cmd-ecO2hPLk',
37 silly reify   'C:\\Users\\riza.aycelebi\\Desktop\\tracker\\av_takip-main\\website\\node_modules\\.bin\\jsesc.ps1': 'C:\\Users\\riza.aycelebi\\Desktop\\tracker\\av_takip-main\\website\\node_modules\\.bin\\.jsesc.ps1-PeBbe01J',
37 silly reify   'C:\\Users\\riza.aycelebi\\Desktop\\tracker\\av_takip-main\\website\\node_modules\\js-yaml': 'C:\\Users\\riza.aycelebi\\Desktop\\tracker\\av_takip-main\\website\\node_modules\\.js-yaml-lgwZFS8F',
37 silly reify   'C:\\Users\\riza.aycelebi\\Desktop\\tracker\\av_takip-main\\website\\node_modules\\.bin\\js-yaml': 'C:\\Users\\riza.aycelebi\\Desktop\\tracker\\av_takip-main\\website\\node_modules\\.bin\\.js-yaml-McHk6vOj',
37 silly reify   'C:\\Users\\riza.aycelebi\\Desktop\\tracker\\av_takip-main\\website\\node_modules\\.bin\\js-yaml.cmd': 'C:\\Users\\riza.aycelebi\\Desktop\\tracker\\av_takip-main\\website\\node_modules\\.bin\\.js-yaml.cmd-Y7Y0ORGf',
37 silly reify   'C:\\Users\\riza.aycelebi\\Desktop\\tracker\\av_takip-main\\website\\node_modules\\.bin\\js-yaml.ps1': 'C:\\Users\\riza.aycelebi\\Desktop\\tracker\\av_takip-main\\website\\node_modules\\.bin\\.js-yaml.ps1-hyVvupgO',
37 silly reify   'C:\\Users\\riza.aycelebi\\Desktop\\tracker\\av_takip-main\\website\\node_modules\\json5': 'C:\\Users\\riza.aycelebi\\Desktop\\tracker\\av_takip-main\\website\\node_modules\\.json5-uIXNrPwZ',
37 silly reify   'C:\\Users\\riza.aycelebi\\Desktop\\tracker\\av_takip-main\\website\\node_modules\\.bin\\json5': 'C:\\Users\\riza.aycelebi\\Desktop\\tracker\\av_takip-main\\website\\node_modules\\.bin\\.json5-IP9H96GM',
37 silly reify   'C:\\Users\\riza.aycelebi\\Desktop\\tracker\\av_takip-main\\website\\node_modules\\.bin\\json5.cmd': 'C:\\Users\\riza.aycelebi\\Desktop\\tracker\\av_takip-main\\website\\node_modules\\.bin\\.json5.cmd-tkUl6JJc',
37 silly reify   'C:\\Users\\riza.aycelebi\\Desktop\\tracker\\av_takip-main\\website\\node_modules\\.bin\\json5.ps1': 'C:\\Users\\riza.aycelebi\\Desktop\\tracker\\av_takip-main\\website\\node_modules\\.bin\\.json5.ps1-b1U3ptvt',
37 silly reify   'C:\\Users\\riza.aycelebi\\Desktop\\tracker\\av_takip-main\\website\\node_modules\\loose-envify': 'C:\\Users\\riza.aycelebi\\Desktop\\tracker\\av_takip-main\\website\\node_modules\\.loose-envify-L3P0dmMa',
37 silly reify   'C:\\Users\\riza.aycelebi\\Desktop\\tracker\\av_takip-main\\website\\node_modules\\.bin\\loose-envify': 'C:\\Users\\riza.aycelebi\\Desktop\\tracker\\av_takip-main\\website\\node_modules\\.bin\\.loose-envify-7SMJrr5Q',
37 silly reify   'C:\\Users\\riza.aycelebi\\Desktop\\tracker\\av_takip-main\\website\\node_modules\\.bin\\loose-envify.cmd': 'C:\\Users\\riza.aycelebi\\Desktop\\tracker\\av_takip-main\\website\\node_modules\\.bin\\.loose-envify.cmd-fpDchEVo',
37 silly reify   'C:\\Users\\riza.aycelebi\\Desktop\\tracker\\av_takip-main\\website\\node_modules\\.bin\\loose-envify.ps1': 'C:\\Users\\riza.aycelebi\\Desktop\\tracker\\av_takip-main\\website\\node_modules\\.bin\\.loose-envify.ps1-CMj1oxhM',
37 silly reify   'C:\\Users\\riza.aycelebi\\Desktop\\tracker\\av_takip-main\\website\\node_modules\\napi-postinstall': 'C:\\Users\\riza.aycelebi\\Desktop\\tracker\\av_takip-main\\website\\node_modules\\.napi-postinstall-1eObnsWL',
37 silly reify   'C:\\Users\\riza.aycelebi\\Desktop\\tracker\\av_takip-main\\website\\node_modules\\.bin\\napi-postinstall': 'C:\\Users\\riza.aycelebi\\Desktop\\tracker\\av_takip-main\\website\\node_modules\\.bin\\.napi-postinstall-KJ4U6dPk',
37 silly reify   'C:\\Users\\riza.aycelebi\\Desktop\\tracker\\av_takip-main\\website\\node_modules\\.bin\\napi-postinstall.cmd': 'C:\\Users\\riza.aycelebi\\Desktop\\tracker\\av_takip-main\\website\\node_modules\\.bin\\.napi-postinstall.cmd-DVKCJUpE',
37 silly reify   'C:\\Users\\riza.aycelebi\\Desktop\\tracker\\av_takip-main\\website\\node_modules\\.bin\\napi-postinstall.ps1': 'C:\\Users\\riza.aycelebi\\Desktop\\tracker\\av_takip-main\\website\\node_modules\\.bin\\.napi-postinstall.ps1-WaUwBYew',
37 silly reify   'C:\\Users\\riza.aycelebi\\Desktop\\tracker\\av_takip-main\\website\\node_modules\\nanoid': 'C:\\Users\\riza.aycelebi\\Desktop\\tracker\\av_takip-main\\website\\node_modules\\.nanoid-fhDSLUK6',
37 silly reify   'C:\\Users\\riza.aycelebi\\Desktop\\tracker\\av_takip-main\\website\\node_modules\\.bin\\nanoid': 'C:\\Users\\riza.aycelebi\\Desktop\\tracker\\av_takip-main\\website\\node_modules\\.bin\\.nanoid-BqSsQG6q',
37 silly reify   'C:\\Users\\riza.aycelebi\\Desktop\\tracker\\av_takip-main\\website\\node_modules\\.bin\\nanoid.cmd': 'C:\\Users\\riza.aycelebi\\Desktop\\tracker\\av_takip-main\\website\\node_modules\\.bin\\.nanoid.cmd-oiCYwfes',
37 silly reify   'C:\\Users\\riza.aycelebi\\Desktop\\tracker\\av_takip-main\\website\\node_modules\\.bin\\nanoid.ps1': 'C:\\Users\\riza.aycelebi\\Desktop\\tracker\\av_takip-main\\website\\node_modules\\.bin\\.nanoid.ps1-wI6CSSij',
37 silly reify   'C:\\Users\\riza.aycelebi\\Desktop\\tracker\\av_takip-main\\website\\node_modules\\resolve': 'C:\\Users\\riza.aycelebi\\Desktop\\tracker\\av_takip-main\\website\\node_modules\\.resolve-ElNGHQpz',
37 silly reify   'C:\\Users\\riza.aycelebi\\Desktop\\tracker\\av_takip-main\\website\\node_modules\\.bin\\resolve': 'C:\\Users\\riza.aycelebi\\Desktop\\tracker\\av_takip-main\\website\\node_modules\\.bin\\.resolve-UqMjwUZV',
37 silly reify   'C:\\Users\\riza.aycelebi\\Desktop\\tracker\\av_takip-main\\website\\node_modules\\.bin\\resolve.cmd': 'C:\\Users\\riza.aycelebi\\Desktop\\tracker\\av_takip-main\\website\\node_modules\\.bin\\.resolve.cmd-YbsCpbRW',
37 silly reify   'C:\\Users\\riza.aycelebi\\Desktop\\tracker\\av_takip-main\\website\\node_modules\\.bin\\resolve.ps1': 'C:\\Users\\riza.aycelebi\\Desktop\\tracker\\av_takip-main\\website\\node_modules\\.bin\\.resolve.ps1-CKvoGtpl',
37 silly reify   'C:\\Users\\riza.aycelebi\\Desktop\\tracker\\av_takip-main\\website\\node_modules\\sharp\\node_modules\\semver': 'C:\\Users\\riza.aycelebi\\Desktop\\tracker\\av_takip-main\\website\\node_modules\\sharp\\node_modules\\.semver-KbE6Q1kn',
37 silly reify   'C:\\Users\\riza.aycelebi\\Desktop\\tracker\\av_takip-main\\website\\node_modules\\sharp\\node_modules\\.bin\\semver': 'C:\\Users\\riza.aycelebi\\Desktop\\tracker\\av_takip-main\\website\\node_modules\\sharp\\node_modules\\.bin\\.semver-5RQjR8sC',
37 silly reify   'C:\\Users\\riza.aycelebi\\Desktop\\tracker\\av_takip-main\\website\\node_modules\\sharp\\node_modules\\.bin\\semver.cmd': 'C:\\Users\\riza.aycelebi\\Desktop\\tracker\\av_takip-main\\website\\node_modules\\sharp\\node_modules\\.bin\\.semver.cmd-BkPNZsnG',
37 silly reify   'C:\\Users\\riza.aycelebi\\Desktop\\tracker\\av_takip-main\\website\\node_modules\\sharp\\node_modules\\.bin\\semver.ps1': 'C:\\Users\\riza.aycelebi\\Desktop\\tracker\\av_takip-main\\website\\node_modules\\sharp\\node_modules\\.bin\\.semver.ps1-Q6TiR9jD',
37 silly reify   'C:\\Users\\riza.aycelebi\\Desktop\\tracker\\av_takip-main\\website\\node_modules\\semver': 'C:\\Users\\riza.aycelebi\\Desktop\\tracker\\av_takip-main\\website\\node_modules\\.semver-xu6KLV1Q',
37 silly reify   'C:\\Users\\riza.aycelebi\\Desktop\\tracker\\av_takip-main\\website\\node_modules\\.bin\\semver': 'C:\\Users\\riza.aycelebi\\Desktop\\tracker\\av_takip-main\\website\\node_modules\\.bin\\.semver-xil0BMIu',
37 silly reify   'C:\\Users\\riza.aycelebi\\Desktop\\tracker\\av_takip-main\\website\\node_modules\\.bin\\semver.cmd': 'C:\\Users\\riza.aycelebi\\Desktop\\tracker\\av_takip-main\\website\\node_modules\\.bin\\.semver.cmd-bm1cHMEd',
37 silly reify   'C:\\Users\\riza.aycelebi\\Desktop\\tracker\\av_takip-main\\website\\node_modules\\.bin\\semver.ps1': 'C:\\Users\\riza.aycelebi\\Desktop\\tracker\\av_takip-main\\website\\node_modules\\.bin\\.semver.ps1-UR8iylB0',
37 silly reify   'C:\\Users\\riza.aycelebi\\Desktop\\tracker\\av_takip-main\\website\\node_modules\\tsconfig-paths\\node_modules\\json5': 'C:\\Users\\riza.aycelebi\\Desktop\\tracker\\av_takip-main\\website\\node_modules\\tsconfig-paths\\node_modules\\.json5-78pQflSD',
37 silly reify   'C:\\Users\\riza.aycelebi\\Desktop\\tracker\\av_takip-main\\website\\node_modules\\tsconfig-paths\\node_modules\\.bin\\json5': 'C:\\Users\\riza.aycelebi\\Desktop\\tracker\\av_takip-main\\website\\node_modules\\tsconfig-paths\\node_modules\\.bin\\.json5-7SeX5jaW',
37 silly reify   'C:\\Users\\riza.aycelebi\\Desktop\\tracker\\av_takip-main\\website\\node_modules\\tsconfig-paths\\node_modules\\.bin\\json5.cmd': 'C:\\Users\\riza.aycelebi\\Desktop\\tracker\\av_takip-main\\website\\node_modules\\tsconfig-paths\\node_modules\\.bin\\.json5.cmd-14O0Z6XD',
37 silly reify   'C:\\Users\\riza.aycelebi\\Desktop\\tracker\\av_takip-main\\website\\node_modules\\tsconfig-paths\\node_modules\\.bin\\json5.ps1': 'C:\\Users\\riza.aycelebi\\Desktop\\tracker\\av_takip-main\\website\\node_modules\\tsconfig-paths\\node_modules\\.bin\\.json5.ps1-kK3mu45K',
37 silly reify   'C:\\Users\\riza.aycelebi\\Desktop\\tracker\\av_takip-main\\website\\node_modules\\typescript': 'C:\\Users\\riza.aycelebi\\Desktop\\tracker\\av_takip-main\\website\\node_modules\\.typescript-D2k8LB5z',
37 silly reify   'C:\\Users\\riza.aycelebi\\Desktop\\tracker\\av_takip-main\\website\\node_modules\\.bin\\tsc': 'C:\\Users\\riza.aycelebi\\Desktop\\tracker\\av_takip-main\\website\\node_modules\\.bin\\.tsc-aXEhbGRw',
37 silly reify   'C:\\Users\\riza.aycelebi\\Desktop\\tracker\\av_takip-main\\website\\node_modules\\.bin\\tsc.cmd': 'C:\\Users\\riza.aycelebi\\Desktop\\tracker\\av_takip-main\\website\\node_modules\\.bin\\.tsc.cmd-MEK6BMGW',
37 silly reify   'C:\\Users\\riza.aycelebi\\Desktop\\tracker\\av_takip-main\\website\\node_modules\\.bin\\tsc.ps1': 'C:\\Users\\riza.aycelebi\\Desktop\\tracker\\av_takip-main\\website\\node_modules\\.bin\\.tsc.ps1-nSZioH2X',
37 silly reify   'C:\\Users\\riza.aycelebi\\Desktop\\tracker\\av_takip-main\\website\\node_modules\\.bin\\tsserver': 'C:\\Users\\riza.aycelebi\\Desktop\\tracker\\av_takip-main\\website\\node_modules\\.bin\\.tsserver-FhjMkK2P',
37 silly reify   'C:\\Users\\riza.aycelebi\\Desktop\\tracker\\av_takip-main\\website\\node_modules\\.bin\\tsserver.cmd': 'C:\\Users\\riza.aycelebi\\Desktop\\tracker\\av_takip-main\\website\\node_modules\\.bin\\.tsserver.cmd-s6QJvYGX',
37 silly reify   'C:\\Users\\riza.aycelebi\\Desktop\\tracker\\av_takip-main\\website\\node_modules\\.bin\\tsserver.ps1': 'C:\\Users\\riza.aycelebi\\Desktop\\tracker\\av_takip-main\\website\\node_modules\\.bin\\.tsserver.ps1-ZrxR6MUQ',
37 silly reify   'C:\\Users\\riza.aycelebi\\Desktop\\tracker\\av_takip-main\\website\\node_modules\\update-browserslist-db': 'C:\\Users\\riza.aycelebi\\Desktop\\tracker\\av_takip-main\\website\\node_modules\\.update-browserslist-db-RClFPaad',
37 silly reify   'C:\\Users\\riza.aycelebi\\Desktop\\tracker\\av_takip-main\\website\\node_modules\\.bin\\update-browserslist-db': 'C:\\Users\\riza.aycelebi\\Desktop\\tracker\\av_takip-main\\website\\node_modules\\.bin\\.update-browserslist-db-RvaWUaAs',
37 silly reify   'C:\\Users\\riza.aycelebi\\Desktop\\tracker\\av_takip-main\\website\\node_modules\\.bin\\update-browserslist-db.cmd': 'C:\\Users\\riza.aycelebi\\Desktop\\tracker\\av_takip-main\\website\\node_modules\\.bin\\.update-browserslist-db.cmd-P0lNPgcu',
37 silly reify   'C:\\Users\\riza.aycelebi\\Desktop\\tracker\\av_takip-main\\website\\node_modules\\.bin\\update-browserslist-db.ps1': 'C:\\Users\\riza.aycelebi\\Desktop\\tracker\\av_takip-main\\website\\node_modules\\.bin\\.update-browserslist-db.ps1-bx2gOU5f',
37 silly reify   'C:\\Users\\riza.aycelebi\\Desktop\\tracker\\av_takip-main\\website\\node_modules\\which': 'C:\\Users\\riza.aycelebi\\Desktop\\tracker\\av_takip-main\\website\\node_modules\\.which-guOuWFrg',
37 silly reify   'C:\\Users\\riza.aycelebi\\Desktop\\tracker\\av_takip-main\\website\\node_modules\\.bin\\node-which': 'C:\\Users\\riza.aycelebi\\Desktop\\tracker\\av_takip-main\\website\\node_modules\\.bin\\.node-which-24xrlbGl',
37 silly reify   'C:\\Users\\riza.aycelebi\\Desktop\\tracker\\av_takip-main\\website\\node_modules\\.bin\\node-which.cmd': 'C:\\Users\\riza.aycelebi\\Desktop\\tracker\\av_takip-main\\website\\node_modules\\.bin\\.node-which.cmd-EPyJ2HMg',
37 silly reify   'C:\\Users\\riza.aycelebi\\Desktop\\tracker\\av_takip-main\\website\\node_modules\\.bin\\node-which.ps1': 'C:\\Users\\riza.aycelebi\\Desktop\\tracker\\av_takip-main\\website\\node_modules\\.bin\\.node-which.ps1-IxC3vWm1',
37 silly reify   'C:\\Users\\riza.aycelebi\\Desktop\\tracker\\av_takip-main\\website\\node_modules\\@babel\\parser': 'C:\\Users\\riza.aycelebi\\Desktop\\tracker\\av_takip-main\\website\\node_modules\\@babel\\.parser-A8m98NPG',
37 silly reify   'C:\\Users\\riza.aycelebi\\Desktop\\tracker\\av_takip-main\\website\\node_modules\\.bin\\parser': 'C:\\Users\\riza.aycelebi\\Desktop\\tracker\\av_takip-main\\website\\node_modules\\.bin\\.parser-PPdVnU8S',
37 silly reify   'C:\\Users\\riza.aycelebi\\Desktop\\tracker\\av_takip-main\\website\\node_modules\\.bin\\parser.cmd': 'C:\\Users\\riza.aycelebi\\Desktop\\tracker\\av_takip-main\\website\\node_modules\\.bin\\.parser.cmd-QkVaWoIS',
37 silly reify   'C:\\Users\\riza.aycelebi\\Desktop\\tracker\\av_takip-main\\website\\node_modules\\.bin\\parser.ps1': 'C:\\Users\\riza.aycelebi\\Desktop\\tracker\\av_takip-main\\website\\node_modules\\.bin\\.parser.ps1-BvA2XnYC',
37 silly reify   'C:\\Users\\riza.aycelebi\\Desktop\\tracker\\av_takip-main\\website\\node_modules\\@typescript-eslint\\typescript-estree\\node_modules\\semver': 'C:\\Users\\riza.aycelebi\\Desktop\\tracker\\av_takip-main\\website\\node_modules\\@typescript-eslint\\typescript-estree\\node_modules\\.semver-COt1Mf65',
37 silly reify   'C:\\Users\\riza.aycelebi\\Desktop\\tracker\\av_takip-main\\website\\node_modules\\@typescript-eslint\\typescript-estree\\node_modules\\.bin\\semver': 'C:\\Users\\riza.aycelebi\\Desktop\\tracker\\av_takip-main\\website\\node_modules\\@typescript-eslint\\typescript-estree\\node_modules\\.bin\\.semver-dffV4GaI',
37 silly reify   'C:\\Users\\riza.aycelebi\\Desktop\\tracker\\av_takip-main\\website\\node_modules\\@typescript-eslint\\typescript-estree\\node_modules\\.bin\\semver.cmd': 'C:\\Users\\riza.aycelebi\\Desktop\\tracker\\av_takip-main\\website\\node_modules\\@typescript-eslint\\typescript-estree\\node_modules\\.bin\\.semver.cmd-0zA1yPRf',
37 silly reify   'C:\\Users\\riza.aycelebi\\Desktop\\tracker\\av_takip-main\\website\\node_modules\\@typescript-eslint\\typescript-estree\\node_modules\\.bin\\semver.ps1': 'C:\\Users\\riza.aycelebi\\Desktop\\tracker\\av_takip-main\\website\\node_modules\\@typescript-eslint\\typescript-estree\\node_modules\\.bin\\.semver.ps1-HhF2Nw0K'
37 silly reify }
38 silly audit bulk request {
38 silly audit   '@alloc/quick-lru': [ '5.2.0' ],
38 silly audit   '@babel/code-frame': [ '7.29.7' ],
38 silly audit   '@babel/compat-data': [ '7.29.7' ],
38 silly audit   '@babel/core': [ '7.29.7' ],
38 silly audit   '@babel/generator': [ '7.29.7' ],
38 silly audit   '@babel/helper-compilation-targets': [ '7.29.7' ],
38 silly audit   '@babel/helper-globals': [ '7.29.7' ],
38 silly audit   '@babel/helper-module-imports': [ '7.29.7' ],
38 silly audit   '@babel/helper-module-transforms': [ '7.29.7' ],
38 silly audit   '@babel/helper-string-parser': [ '7.29.7' ],
38 silly audit   '@babel/helper-validator-identifier': [ '7.29.7' ],
38 silly audit   '@babel/helper-validator-option': [ '7.29.7' ],
38 silly audit   '@babel/helpers': [ '7.29.7' ],
38 silly audit   '@babel/parser': [ '7.29.7' ],
38 silly audit   '@babel/template': [ '7.29.7' ],
38 silly audit   '@babel/traverse': [ '7.29.7' ],
38 silly audit   '@babel/types': [ '7.29.7' ],
38 silly audit   '@emnapi/core': [ '1.10.0' ],
38 silly audit   '@emnapi/runtime': [ '1.11.0', '1.10.0' ],
38 silly audit   '@emnapi/wasi-threads': [ '1.2.1' ],
38 silly audit   '@eslint-community/eslint-utils': [ '4.9.1' ],
38 silly audit   'eslint-visitor-keys': [ '3.4.3', '5.0.1', '4.2.1' ],
38 silly audit   '@eslint-community/regexpp': [ '4.12.2' ],
38 silly audit   '@eslint/config-array': [ '0.21.2' ],
38 silly audit   '@eslint/config-helpers': [ '0.4.2' ],
38 silly audit   '@eslint/core': [ '0.17.0' ],
38 silly audit   '@eslint/eslintrc': [ '3.3.5' ],
38 silly audit   '@eslint/js': [ '9.39.4' ],
38 silly audit   '@eslint/object-schema': [ '2.1.7' ],
38 silly audit   '@eslint/plugin-kit': [ '0.4.1' ],
38 silly audit   '@humanfs/core': [ '0.19.2' ],
38 silly audit   '@humanfs/node': [ '0.16.8' ],
38 silly audit   '@humanfs/types': [ '0.15.0' ],
38 silly audit   '@humanwhocodes/module-importer': [ '1.0.1' ],
38 silly audit   '@humanwhocodes/retry': [ '0.4.3' ],
38 silly audit   '@img/colour': [ '1.1.0' ],
38 silly audit   '@img/sharp-darwin-arm64': [ '0.34.5' ],
38 silly audit   '@img/sharp-darwin-x64': [ '0.34.5' ],
38 silly audit   '@img/sharp-libvips-darwin-arm64': [ '1.2.4' ],
38 silly audit   '@img/sharp-libvips-darwin-x64': [ '1.2.4' ],
38 silly audit   '@img/sharp-libvips-linux-arm': [ '1.2.4' ],
38 silly audit   '@img/sharp-libvips-linux-arm64': [ '1.2.4' ],
38 silly audit   '@img/sharp-libvips-linux-ppc64': [ '1.2.4' ],
38 silly audit   '@img/sharp-libvips-linux-riscv64': [ '1.2.4' ],
38 silly audit   '@img/sharp-libvips-linux-s390x': [ '1.2.4' ],
38 silly audit   '@img/sharp-libvips-linux-x64': [ '1.2.4' ],
38 silly audit   '@img/sharp-libvips-linuxmusl-arm64': [ '1.2.4' ],
38 silly audit   '@img/sharp-libvips-linuxmusl-x64': [ '1.2.4' ],
38 silly audit   '@img/sharp-linux-arm': [ '0.34.5' ],
38 silly audit   '@img/sharp-linux-arm64': [ '0.34.5' ],
38 silly audit   '@img/sharp-linux-ppc64': [ '0.34.5' ],
38 silly audit   '@img/sharp-linux-riscv64': [ '0.34.5' ],
38 silly audit   '@img/sharp-linux-s390x': [ '0.34.5' ],
38 silly audit   '@img/sharp-linux-x64': [ '0.34.5' ],
38 silly audit   '@img/sharp-linuxmusl-arm64': [ '0.34.5' ],
38 silly audit   '@img/sharp-linuxmusl-x64': [ '0.34.5' ],
38 silly audit   '@img/sharp-wasm32': [ '0.34.5' ],
38 silly audit   '@img/sharp-win32-arm64': [ '0.34.5' ],
38 silly audit   '@img/sharp-win32-ia32': [ '0.34.5' ],
38 silly audit   '@img/sharp-win32-x64': [ '0.34.5' ],
38 silly audit   '@jridgewell/gen-mapping': [ '0.3.13' ],
38 silly audit   '@jridgewell/remapping': [ '2.3.5' ],
38 silly audit   '@jridgewell/resolve-uri': [ '3.1.2' ],
38 silly audit   '@jridgewell/sourcemap-codec': [ '1.5.5' ],
38 silly audit   '@jridgewell/trace-mapping': [ '0.3.31' ],
38 silly audit   '@napi-rs/wasm-runtime': [ '1.1.4' ],
38 silly audit   '@next/env': [ '16.2.7' ],
38 silly audit   '@next/eslint-plugin-next': [ '16.2.7' ],
38 silly audit   '@next/swc-darwin-arm64': [ '16.2.7' ],
38 silly audit   '@next/swc-darwin-x64': [ '16.2.7' ],
38 silly audit   '@next/swc-linux-arm64-gnu': [ '16.2.7' ],
38 silly audit   '@next/swc-linux-arm64-musl': [ '16.2.7' ],
38 silly audit   '@next/swc-linux-x64-gnu': [ '16.2.7' ],
38 silly audit   '@next/swc-linux-x64-musl': [ '16.2.7' ],
38 silly audit   '@next/swc-win32-arm64-msvc': [ '16.2.7' ],
38 silly audit   '@next/swc-win32-x64-msvc': [ '16.2.7' ],
38 silly audit   '@nodelib/fs.scandir': [ '2.1.5' ],
38 silly audit   '@nodelib/fs.stat': [ '2.0.5' ],
38 silly audit   '@nodelib/fs.walk': [ '1.2.8' ],
38 silly audit   '@nolyfill/is-core-module': [ '1.0.39' ],
38 silly audit   '@rtsao/scc': [ '1.1.0' ],
38 silly audit   '@swc/helpers': [ '0.5.15' ],
38 silly audit   '@tailwindcss/node': [ '4.3.0' ],
38 silly audit   '@tailwindcss/oxide': [ '4.3.0' ],
38 silly audit   '@tailwindcss/oxide-android-arm64': [ '4.3.0' ],
38 silly audit   '@tailwindcss/oxide-darwin-arm64': [ '4.3.0' ],
38 silly audit   '@tailwindcss/oxide-darwin-x64': [ '4.3.0' ],
38 silly audit   '@tailwindcss/oxide-freebsd-x64': [ '4.3.0' ],
38 silly audit   '@tailwindcss/oxide-linux-arm-gnueabihf': [ '4.3.0' ],
38 silly audit   '@tailwindcss/oxide-linux-arm64-gnu': [ '4.3.0' ],
38 silly audit   '@tailwindcss/oxide-linux-arm64-musl': [ '4.3.0' ],
38 silly audit   '@tailwindcss/oxide-linux-x64-gnu': [ '4.3.0' ],
38 silly audit   '@tailwindcss/oxide-linux-x64-musl': [ '4.3.0' ],
38 silly audit   '@tailwindcss/oxide-wasm32-wasi': [ '4.3.0' ],
38 silly audit   '@tailwindcss/oxide-win32-arm64-msvc': [ '4.3.0' ],
38 silly audit   '@tailwindcss/oxide-win32-x64-msvc': [ '4.3.0' ],
38 silly audit   '@tailwindcss/postcss': [ '4.3.0' ],
38 silly audit   '@tailwindcss/typography': [ '0.5.20' ],
38 silly audit   '@tybys/wasm-util': [ '0.10.2' ],
38 silly audit   '@types/estree': [ '1.0.9' ],
38 silly audit   '@types/json-schema': [ '7.0.15' ],
38 silly audit   '@types/json5': [ '0.0.29' ],
38 silly audit   '@types/node': [ '20.19.42' ],
38 silly audit   '@types/react': [ '19.2.17' ],
38 silly audit   '@types/react-dom': [ '19.2.3' ],
38 silly audit   '@typescript-eslint/eslint-plugin': [ '8.61.0' ],
38 silly audit   ignore: [ '7.0.5', '5.3.2' ],
38 silly audit   '@typescript-eslint/parser': [ '8.61.0' ],
38 silly audit   '@typescript-eslint/project-service': [ '8.61.0' ],
38 silly audit   '@typescript-eslint/scope-manager': [ '8.61.0' ],
38 silly audit   '@typescript-eslint/tsconfig-utils': [ '8.61.0' ],
38 silly audit   '@typescript-eslint/type-utils': [ '8.61.0' ],
38 silly audit   '@typescript-eslint/types': [ '8.61.0' ],
38 silly audit   '@typescript-eslint/typescript-estree': [ '8.61.0' ],
38 silly audit   'balanced-match': [ '4.0.4', '1.0.2' ],
38 silly audit   'brace-expansion': [ '5.0.6', '1.1.15' ],
38 silly audit   minimatch: [ '10.2.5', '3.1.5' ],
38 silly audit   semver: [ '7.8.3', '6.3.1' ],
38 silly audit   '@typescript-eslint/utils': [ '8.61.0' ],
38 silly audit   '@typescript-eslint/visitor-keys': [ '8.61.0' ],
38 silly audit   '@unrs/resolver-binding-android-arm-eabi': [ '1.12.2' ],
38 silly audit   '@unrs/resolver-binding-android-arm64': [ '1.12.2' ],
38 silly audit   '@unrs/resolver-binding-darwin-arm64': [ '1.12.2' ],
38 silly audit   '@unrs/resolver-binding-darwin-x64': [ '1.12.2' ],
38 silly audit   '@unrs/resolver-binding-freebsd-x64': [ '1.12.2' ],
38 silly audit   '@unrs/resolver-binding-linux-arm-gnueabihf': [ '1.12.2' ],
38 silly audit   '@unrs/resolver-binding-linux-arm-musleabihf': [ '1.12.2' ],
38 silly audit   '@unrs/resolver-binding-linux-arm64-gnu': [ '1.12.2' ],
38 silly audit   '@unrs/resolver-binding-linux-arm64-musl': [ '1.12.2' ],
38 silly audit   '@unrs/resolver-binding-linux-loong64-gnu': [ '1.12.2' ],
38 silly audit   '@unrs/resolver-binding-linux-loong64-musl': [ '1.12.2' ],
38 silly audit   '@unrs/resolver-binding-linux-ppc64-gnu': [ '1.12.2' ],
38 silly audit   '@unrs/resolver-binding-linux-riscv64-gnu': [ '1.12.2' ],
38 silly audit   '@unrs/resolver-binding-linux-riscv64-musl': [ '1.12.2' ],
38 silly audit   '@unrs/resolver-binding-linux-s390x-gnu': [ '1.12.2' ],
38 silly audit   '@unrs/resolver-binding-linux-x64-gnu': [ '1.12.2' ],
38 silly audit   '@unrs/resolver-binding-linux-x64-musl': [ '1.12.2' ],
38 silly audit   '@unrs/resolver-binding-openharmony-arm64': [ '1.12.2' ],
38 silly audit   '@unrs/resolver-binding-wasm32-wasi': [ '1.12.2' ],
38 silly audit   '@unrs/resolver-binding-win32-arm64-msvc': [ '1.12.2' ],
38 silly audit   '@unrs/resolver-binding-win32-ia32-msvc': [ '1.12.2' ],
38 silly audit   '@unrs/resolver-binding-win32-x64-msvc': [ '1.12.2' ],
38 silly audit   acorn: [ '8.16.0' ],
38 silly audit   'acorn-jsx': [ '5.3.2' ],
38 silly audit   ajv: [ '6.15.0' ],
38 silly audit   'ansi-styles': [ '4.3.0' ],
38 silly audit   argparse: [ '2.0.1' ],
38 silly audit   'aria-query': [ '5.3.2' ],
38 silly audit   'array-buffer-byte-length': [ '1.0.2' ],
38 silly audit   'array-includes': [ '3.1.9' ],
38 silly audit   'array.prototype.findlast': [ '1.2.5' ],
38 silly audit   'array.prototype.findlastindex': [ '1.2.6' ],
38 silly audit   'array.prototype.flat': [ '1.3.3' ],
38 silly audit   'array.prototype.flatmap': [ '1.3.3' ],
38 silly audit   'array.prototype.tosorted': [ '1.1.4' ],
38 silly audit   'arraybuffer.prototype.slice': [ '1.0.4' ],
38 silly audit   'ast-types-flow': [ '0.0.8' ],
38 silly audit   'async-function': [ '1.0.0' ],
38 silly audit   'available-typed-arrays': [ '1.0.7' ],
38 silly audit   'axe-core': [ '4.12.0' ],
38 silly audit   'axobject-query': [ '4.1.0' ],
38 silly audit   'baseline-browser-mapping': [ '2.10.34' ],
38 silly audit   braces: [ '3.0.3' ],
38 silly audit   browserslist: [ '4.28.2' ],
38 silly audit   'call-bind': [ '1.0.9' ],
38 silly audit   'call-bind-apply-helpers': [ '1.0.2' ],
38 silly audit   'call-bound': [ '1.0.4' ],
38 silly audit   callsites: [ '3.1.0' ],
38 silly audit   'caniuse-lite': [ '1.0.30001797' ],
38 silly audit   chalk: [ '4.1.2' ],
38 silly audit   'client-only': [ '0.0.1' ],
38 silly audit   'color-convert': [ '2.0.1' ],
38 silly audit   'color-name': [ '1.1.4' ],
38 silly audit   'concat-map': [ '0.0.1' ],
38 silly audit   'convert-source-map': [ '2.0.0' ],
38 silly audit   'cross-spawn': [ '7.0.6' ],
38 silly audit   cssesc: [ '3.0.0' ],
38 silly audit   csstype: [ '3.2.3' ],
38 silly audit   'damerau-levenshtein': [ '1.0.8' ],
38 silly audit   'data-view-buffer': [ '1.0.2' ],
38 silly audit   'data-view-byte-length': [ '1.0.2' ],
38 silly audit   'data-view-byte-offset': [ '1.0.1' ],
38 silly audit   debug: [ '4.4.3', '3.2.7' ],
38 silly audit   'deep-is': [ '0.1.4' ],
38 silly audit   'define-data-property': [ '1.1.4' ],
38 silly audit   'define-properties': [ '1.2.1' ],
38 silly audit   'detect-libc': [ '2.1.2' ],
38 silly audit   doctrine: [ '2.1.0' ],
38 silly audit   'dunder-proto': [ '1.0.1' ],
38 silly audit   'electron-to-chromium': [ '1.5.369' ],
38 silly audit   'emoji-regex': [ '9.2.2' ],
38 silly audit   'enhanced-resolve': [ '5.23.0' ],
38 silly audit   'es-abstract': [ '1.24.2' ],
38 silly audit   'es-define-property': [ '1.0.1' ],
38 silly audit   'es-errors': [ '1.3.0' ],
38 silly audit   'es-iterator-helpers': [ '1.3.2' ],
38 silly audit   'es-object-atoms': [ '1.1.2' ],
38 silly audit   'es-set-tostringtag': [ '2.1.0' ],
38 silly audit   'es-shim-unscopables': [ '1.1.0' ],
38 silly audit   'es-to-primitive': [ '1.3.0' ],
38 silly audit   escalade: [ '3.2.0' ],
38 silly audit   'escape-string-regexp': [ '4.0.0' ],
38 silly audit   eslint: [ '9.39.4' ],
38 silly audit   'eslint-config-next': [ '16.2.7' ],
38 silly audit   globals: [ '16.4.0', '14.0.0' ],
38 silly audit   'eslint-import-resolver-node': [ '0.3.10' ],
38 silly audit   'eslint-import-resolver-typescript': [ '3.10.1' ],
38 silly audit   'eslint-module-utils': [ '2.13.0' ],
38 silly audit   'eslint-plugin-import': [ '2.32.0' ],
38 silly audit   'eslint-plugin-jsx-a11y': [ '6.10.2' ],
38 silly audit   'eslint-plugin-react': [ '7.37.5' ],
38 silly audit   'eslint-plugin-react-hooks': [ '7.1.1' ],
38 silly audit   'eslint-scope': [ '8.4.0' ],
38 silly audit   espree: [ '10.4.0' ],
38 silly audit   esquery: [ '1.7.0' ],
38 silly audit   esrecurse: [ '4.3.0' ],
38 silly audit   estraverse: [ '5.3.0' ],
38 silly audit   esutils: [ '2.0.3' ],
38 silly audit   'fast-deep-equal': [ '3.1.3' ],
38 silly audit   'fast-glob': [ '3.3.1' ],
38 silly audit   'glob-parent': [ '5.1.2', '6.0.2' ],
38 silly audit   'fast-json-stable-stringify': [ '2.1.0' ],
38 silly audit   'fast-levenshtein': [ '2.0.6' ],
38 silly audit   fastq: [ '1.20.1' ],
38 silly audit   'file-entry-cache': [ '8.0.0' ],
38 silly audit   'fill-range': [ '7.1.1' ],
38 silly audit   'find-up': [ '5.0.0' ],
38 silly audit   'flat-cache': [ '4.0.1' ],
38 silly audit   flatted: [ '3.4.2' ],
38 silly audit   'for-each': [ '0.3.5' ],
38 silly audit   'framer-motion': [ '12.40.0' ],
38 silly audit   'function-bind': [ '1.1.2' ],
38 silly audit   'function.prototype.name': [ '1.1.8' ],
38 silly audit   'functions-have-names': [ '1.2.3' ],
38 silly audit   'generator-function': [ '2.0.1' ],
38 silly audit   gensync: [ '1.0.0-beta.2' ],
38 silly audit   'get-intrinsic': [ '1.3.0' ],
38 silly audit   'get-proto': [ '1.0.1' ],
38 silly audit   'get-symbol-description': [ '1.1.0' ],
38 silly audit   'get-tsconfig': [ '4.14.0' ],
38 silly audit   globalthis: [ '1.0.4' ],
38 silly audit   gopd: [ '1.2.0' ],
38 silly audit   'graceful-fs': [ '4.2.11' ],
38 silly audit   'has-bigints': [ '1.1.0' ],
38 silly audit   'has-flag': [ '4.0.0' ],
38 silly audit   'has-property-descriptors': [ '1.0.2' ],
38 silly audit   'has-proto': [ '1.2.0' ],
38 silly audit   'has-symbols': [ '1.1.0' ],
38 silly audit   'has-tostringtag': [ '1.0.2' ],
38 silly audit   hasown: [ '2.0.4' ],
38 silly audit   'hermes-estree': [ '0.25.1' ],
38 silly audit   'hermes-parser': [ '0.25.1' ],
38 silly audit   'import-fresh': [ '3.3.1' ],
38 silly audit   imurmurhash: [ '0.1.4' ],
38 silly audit   'internal-slot': [ '1.1.0' ],
38 silly audit   'is-array-buffer': [ '3.0.5' ],
38 silly audit   'is-async-function': [ '2.1.1' ],
38 silly audit   'is-bigint': [ '1.1.0' ],
38 silly audit   'is-boolean-object': [ '1.2.2' ],
38 silly audit   'is-bun-module': [ '2.0.0' ],
38 silly audit   'is-callable': [ '1.2.7' ],
38 silly audit   'is-core-module': [ '2.16.2' ],
38 silly audit   'is-data-view': [ '1.0.2' ],
38 silly audit   'is-date-object': [ '1.1.0' ],
38 silly audit   'is-extglob': [ '2.1.1' ],
38 silly audit   'is-finalizationregistry': [ '1.1.1' ],
38 silly audit   'is-generator-function': [ '1.1.2' ],
38 silly audit   'is-glob': [ '4.0.3' ],
38 silly audit   'is-map': [ '2.0.3' ],
38 silly audit   'is-negative-zero': [ '2.0.3' ],
38 silly audit   'is-number': [ '7.0.0' ],
38 silly audit   'is-number-object': [ '1.1.1' ],
38 silly audit   'is-regex': [ '1.2.1' ],
38 silly audit   'is-set': [ '2.0.3' ],
38 silly audit   'is-shared-array-buffer': [ '1.0.4' ],
38 silly audit   'is-string': [ '1.1.1' ],
38 silly audit   'is-symbol': [ '1.1.1' ],
38 silly audit   'is-typed-array': [ '1.1.15' ],
38 silly audit   'is-weakmap': [ '2.0.2' ],
38 silly audit   'is-weakref': [ '1.1.1' ],
38 silly audit   'is-weakset': [ '2.0.4' ],
38 silly audit   isarray: [ '2.0.5' ],
38 silly audit   isexe: [ '2.0.0' ],
38 silly audit   'iterator.prototype': [ '1.1.5' ],
38 silly audit   jiti: [ '2.7.0' ],
38 silly audit   'js-tokens': [ '4.0.0' ],
38 silly audit   'js-yaml': [ '4.2.0' ],
38 silly audit   jsesc: [ '3.1.0' ],
38 silly audit   'json-buffer': [ '3.0.1' ],
38 silly audit   'json-schema-traverse': [ '0.4.1' ],
38 silly audit   'json-stable-stringify-without-jsonify': [ '1.0.1' ],
38 silly audit   json5: [ '2.2.3', '1.0.2' ],
38 silly audit   'jsx-ast-utils': [ '3.3.5' ],
38 silly audit   keyv: [ '4.5.4' ],
38 silly audit   'language-subtag-registry': [ '0.3.23' ],
38 silly audit   'language-tags': [ '1.0.9' ],
38 silly audit   levn: [ '0.4.1' ],
38 silly audit   lightningcss: [ '1.32.0' ],
38 silly audit   'lightningcss-android-arm64': [ '1.32.0' ],
38 silly audit   'lightningcss-darwin-arm64': [ '1.32.0' ],
38 silly audit   'lightningcss-darwin-x64': [ '1.32.0' ],
38 silly audit   'lightningcss-freebsd-x64': [ '1.32.0' ],
38 silly audit   'lightningcss-linux-arm-gnueabihf': [ '1.32.0' ],
38 silly audit   'lightningcss-linux-arm64-gnu': [ '1.32.0' ],
38 silly audit   'lightningcss-linux-arm64-musl': [ '1.32.0' ],
38 silly audit   'lightningcss-linux-x64-gnu': [ '1.32.0' ],
38 silly audit   'lightningcss-linux-x64-musl': [ '1.32.0' ],
38 silly audit   'lightningcss-win32-arm64-msvc': [ '1.32.0' ],
38 silly audit   'lightningcss-win32-x64-msvc': [ '1.32.0' ],
38 silly audit   'locate-path': [ '6.0.0' ],
38 silly audit   'lodash.merge': [ '4.6.2' ],
38 silly audit   'loose-envify': [ '1.4.0' ],
38 silly audit   'lru-cache': [ '5.1.1' ],
38 silly audit   'lucide-react': [ '1.17.0' ],
38 silly audit   'magic-string': [ '0.30.21' ],
38 silly audit   'math-intrinsics': [ '1.1.0' ],
38 silly audit   merge2: [ '1.4.1' ],
38 silly audit   micromatch: [ '4.0.8' ],
38 silly audit   minimist: [ '1.2.8' ],
38 silly audit   'motion-dom': [ '12.40.0' ],
38 silly audit   'motion-utils': [ '12.39.0' ],
38 silly audit   ms: [ '2.1.3' ],
38 silly audit   nanoid: [ '3.3.12' ],
38 silly audit   'napi-postinstall': [ '0.3.4' ],
38 silly audit   'natural-compare': [ '1.4.0' ],
38 silly audit   next: [ '16.2.7' ],
38 silly audit   postcss: [ '8.4.31', '8.5.15' ],
38 silly audit   'node-exports-info': [ '1.6.0' ],
38 silly audit   'node-releases': [ '2.0.47' ],
38 silly audit   'object-assign': [ '4.1.1' ],
38 silly audit   'object-inspect': [ '1.13.4' ],
38 silly audit   'object-keys': [ '1.1.1' ],
38 silly audit   'object.assign': [ '4.1.7' ],
38 silly audit   'object.entries': [ '1.1.9' ],
38 silly audit   'object.fromentries': [ '2.0.8' ],
38 silly audit   'object.groupby': [ '1.0.3' ],
38 silly audit   'object.values': [ '1.2.1' ],
38 silly audit   optionator: [ '0.9.4' ],
38 silly audit   'own-keys': [ '1.0.1' ],
38 silly audit   'p-limit': [ '3.1.0' ],
38 silly audit   'p-locate': [ '5.0.0' ],
38 silly audit   'parent-module': [ '1.0.1' ],
38 silly audit   'path-exists': [ '4.0.0' ],
38 silly audit   'path-key': [ '3.1.1' ],
38 silly audit   'path-parse': [ '1.0.7' ],
38 silly audit   picocolors: [ '1.1.1' ],
38 silly audit   picomatch: [ '2.3.2', '4.0.4' ],
38 silly audit   'possible-typed-array-names': [ '1.1.0' ],
38 silly audit   'postcss-selector-parser': [ '6.0.10' ],
38 silly audit   'prelude-ls': [ '1.2.1' ],
38 silly audit   'prop-types': [ '15.8.1' ],
38 silly audit   punycode: [ '2.3.1' ],
38 silly audit   'queue-microtask': [ '1.2.3' ],
38 silly audit   react: [ '19.2.4' ],
38 silly audit   'react-dom': [ '19.2.4' ],
38 silly audit   'react-is': [ '16.13.1' ],
38 silly audit   'reflect.getprototypeof': [ '1.0.10' ],
38 silly audit   'regexp.prototype.flags': [ '1.5.4' ],
38 silly audit   resolve: [ '2.0.0-next.7' ],
38 silly audit   'resolve-from': [ '4.0.0' ],
38 silly audit   'resolve-pkg-maps': [ '1.0.0' ],
38 silly audit   reusify: [ '1.1.0' ],
38 silly audit   'run-parallel': [ '1.2.0' ],
38 silly audit   'safe-array-concat': [ '1.1.4' ],
38 silly audit   'safe-push-apply': [ '1.0.0' ],
38 silly audit   'safe-regex-test': [ '1.1.0' ],
38 silly audit   scheduler: [ '0.27.0' ],
38 silly audit   'set-function-length': [ '1.2.2' ],
38 silly audit   'set-function-name': [ '2.0.2' ],
38 silly audit   'set-proto': [ '1.0.0' ],
38 silly audit   sharp: [ '0.34.5' ],
38 silly audit   'shebang-command': [ '2.0.0' ],
38 silly audit   'shebang-regex': [ '3.0.0' ],
38 silly audit   'side-channel': [ '1.1.1' ],
38 silly audit   'side-channel-list': [ '1.0.1' ],
38 silly audit   'side-channel-map': [ '1.0.1' ],
38 silly audit   'side-channel-weakmap': [ '1.0.2' ],
38 silly audit   'source-map-js': [ '1.2.1' ],
38 silly audit   'stable-hash': [ '0.0.5' ],
38 silly audit   'stop-iteration-iterator': [ '1.1.0' ],
38 silly audit   'string.prototype.includes': [ '2.0.1' ],
38 silly audit   'string.prototype.matchall': [ '4.0.12' ],
38 silly audit   'string.prototype.repeat': [ '1.0.0' ],
38 silly audit   'string.prototype.trim': [ '1.2.11' ],
38 silly audit   'string.prototype.trimend': [ '1.0.10' ],
38 silly audit   'string.prototype.trimstart': [ '1.0.8' ],
38 silly audit   'strip-bom': [ '3.0.0' ],
38 silly audit   'strip-json-comments': [ '3.1.1' ],
38 silly audit   'styled-jsx': [ '5.1.6' ],
38 silly audit   'supports-color': [ '7.2.0' ],
38 silly audit   'supports-preserve-symlinks-flag': [ '1.0.0' ],
38 silly audit   tailwindcss: [ '4.3.0' ],
38 silly audit   tapable: [ '2.3.3' ],
38 silly audit   tinyglobby: [ '0.2.17' ],
38 silly audit   fdir: [ '6.5.0' ],
38 silly audit   'to-regex-range': [ '5.0.1' ],
38 silly audit   'ts-api-utils': [ '2.5.0' ],
38 silly audit   'tsconfig-paths': [ '3.15.0' ],
38 silly audit   tslib: [ '2.8.1' ],
38 silly audit   'type-check': [ '0.4.0' ],
38 silly audit   'typed-array-buffer': [ '1.0.3' ],
38 silly audit   'typed-array-byte-length': [ '1.0.3' ],
38 silly audit   'typed-array-byte-offset': [ '1.0.4' ],
38 silly audit   'typed-array-length': [ '1.0.8' ],
38 silly audit   typescript: [ '5.9.3' ],
38 silly audit   'typescript-eslint': [ '8.61.0' ],
38 silly audit   'unbox-primitive': [ '1.1.0' ],
38 silly audit   'undici-types': [ '6.21.0' ],
38 silly audit   'unrs-resolver': [ '1.12.2' ],
38 silly audit   'update-browserslist-db': [ '1.2.3' ],
38 silly audit   'uri-js': [ '4.4.1' ],
38 silly audit   'util-deprecate': [ '1.0.2' ],
38 silly audit   which: [ '2.0.2' ],
38 silly audit   'which-boxed-primitive': [ '1.1.1' ],
38 silly audit   'which-builtin-type': [ '1.2.1' ],
38 silly audit   'which-collection': [ '1.0.2' ],
38 silly audit   'which-typed-array': [ '1.1.22' ],
38 silly audit   'word-wrap': [ '1.2.5' ],
38 silly audit   yallist: [ '3.1.1' ],
38 silly audit   'yocto-queue': [ '0.1.0' ],
38 silly audit   zod: [ '4.4.3' ],
38 silly audit   'zod-validation-error': [ '4.0.2' ]
38 silly audit }
39 http cache @babel/parser@https://registry.npmjs.org/@babel/parser/-/parser-7.29.7.tgz 1ms (cache hit)
40 http cache which@https://registry.npmjs.org/which/-/which-2.0.2.tgz 0ms (cache hit)
41 http cache update-browserslist-db@https://registry.npmjs.org/update-browserslist-db/-/update-browserslist-db-1.2.3.tgz 0ms (cache hit)
42 http cache typescript@https://registry.npmjs.org/typescript/-/typescript-5.9.3.tgz 0ms (cache hit)
43 http cache semver@https://registry.npmjs.org/semver/-/semver-6.3.1.tgz 0ms (cache hit)
44 http cache resolve@https://registry.npmjs.org/resolve/-/resolve-2.0.0-next.7.tgz 0ms (cache hit)
45 http cache nanoid@https://registry.npmjs.org/nanoid/-/nanoid-3.3.12.tgz 0ms (cache hit)
46 http cache napi-postinstall@https://registry.npmjs.org/napi-postinstall/-/napi-postinstall-0.3.4.tgz 0ms (cache hit)
47 http cache json5@https://registry.npmjs.org/json5/-/json5-2.2.3.tgz 0ms (cache hit)
48 http cache loose-envify@https://registry.npmjs.org/loose-envify/-/loose-envify-1.4.0.tgz 0ms (cache hit)
49 http cache jsesc@https://registry.npmjs.org/jsesc/-/jsesc-3.1.0.tgz 0ms (cache hit)
50 http cache js-yaml@https://registry.npmjs.org/js-yaml/-/js-yaml-4.2.0.tgz 0ms (cache hit)
51 http cache jiti@https://registry.npmjs.org/jiti/-/jiti-2.7.0.tgz 0ms (cache hit)
52 http cache eslint@https://registry.npmjs.org/eslint/-/eslint-9.39.4.tgz 0ms (cache hit)
53 http cache cssesc@https://registry.npmjs.org/cssesc/-/cssesc-3.0.0.tgz 0ms (cache hit)
54 http cache browserslist@https://registry.npmjs.org/browserslist/-/browserslist-4.28.2.tgz 0ms (cache hit)
55 http cache baseline-browser-mapping@https://registry.npmjs.org/baseline-browser-mapping/-/baseline-browser-mapping-2.10.34.tgz 0ms (cache hit)
56 http cache acorn@https://registry.npmjs.org/acorn/-/acorn-8.16.0.tgz 0ms (cache hit)
57 http cache next@https://registry.npmjs.org/next/-/next-16.2.7.tgz 0ms (cache hit)
58 http cache semver@https://registry.npmjs.org/semver/-/semver-7.8.3.tgz 0ms (cache hit)
59 http cache json5@https://registry.npmjs.org/json5/-/json5-1.0.2.tgz 0ms (cache hit)
60 http cache semver@https://registry.npmjs.org/semver/-/semver-7.8.3.tgz 0ms (cache hit)
61 http cache semver@https://registry.npmjs.org/semver/-/semver-7.8.3.tgz 0ms (cache hit)
62 silly tarball no local data for next@https://registry.npmjs.org/next/-/next-16.2.7.tgz. Extracting by manifest.
63 http fetch POST 200 https://registry.npmjs.org/-/npm/v1/security/advisories/bulk 730ms
64 silly audit report {
64 silly audit report   postcss: [
64 silly audit report     {
64 silly audit report       id: 1117015,
64 silly audit report       url: 'https://github.com/advisories/GHSA-qx2v-qp2m-jg93',
64 silly audit report       title: 'PostCSS has XSS via Unescaped </style> in its CSS Stringify Output',
64 silly audit report       severity: 'moderate',
64 silly audit report       vulnerable_versions: '<8.5.10',
64 silly audit report       cwe: [Array],
64 silly audit report       cvss: [Object]
64 silly audit report     }
64 silly audit report   ]
64 silly audit report }
65 silly packumentCache corgi:https://registry.npmjs.org/postcss cache-miss
66 http cache https://registry.npmjs.org/postcss 389ms (cache hit)
67 silly packumentCache corgi:https://registry.npmjs.org/postcss set size:344717 disposed:false
68 silly packumentCache corgi:https://registry.npmjs.org/next cache-miss
69 http cache https://registry.npmjs.org/next 312ms (cache hit)
70 silly packumentCache corgi:https://registry.npmjs.org/next set size:25307833 disposed:false
71 http fetch GET 200 https://registry.npmjs.org/next/-/next-16.2.7.tgz 135075ms (cache miss)
72 silly CHANGE node_modules/@typescript-eslint/typescript-estree/node_modules/semver
73 silly CHANGE node_modules/@babel/parser
74 silly CHANGE node_modules/which
75 silly CHANGE node_modules/update-browserslist-db
76 silly CHANGE node_modules/typescript
77 silly CHANGE node_modules/tsconfig-paths/node_modules/json5
78 silly CHANGE node_modules/semver
79 silly CHANGE node_modules/sharp/node_modules/semver
80 silly CHANGE node_modules/resolve
81 silly CHANGE node_modules/nanoid
82 silly CHANGE node_modules/napi-postinstall
83 silly CHANGE node_modules/loose-envify
84 silly CHANGE node_modules/json5
85 silly CHANGE node_modules/js-yaml
86 silly CHANGE node_modules/jsesc
87 silly CHANGE node_modules/jiti
88 silly CHANGE node_modules/is-bun-module/node_modules/semver
89 silly CHANGE node_modules/eslint
90 silly CHANGE node_modules/cssesc
91 silly CHANGE node_modules/browserslist
92 silly CHANGE node_modules/baseline-browser-mapping
93 silly CHANGE node_modules/acorn
94 silly CHANGE node_modules/next
95 warn allow-scripts 2 packages have install scripts not yet covered by allowScripts:
95 warn allow-scripts   sharp@0.34.5 (install: (install scripts present))
95 warn allow-scripts   unrs-resolver@1.12.2 (install: (install scripts present))
95 warn allow-scripts
95 warn allow-scripts Run `npm approve-scripts --allow-scripts-pending` to review, or `npm approve-scripts <pkg>` to allow.
96 verbose cwd C:\Users\riza.aycelebi\Desktop\tracker\av_takip-main\website
97 verbose os Windows_NT 10.0.19045
98 verbose node v24.15.0
99 verbose npm  v11.16.0
100 verbose exit 0
101 info ok
